-------------------------------------------------------------------------------
Test set: back1dia9.Back1dia9ApplicationTests
-------------------------------------------------------------------------------
Tests run: 1, Failures: 0, Errors: 1, Skipped: 0, Time elapsed: 6.025 s <<< FAILURE! - in back1dia9.Back1dia9ApplicationTests
contextLoads  Time elapsed: 0.028 s  <<< ERROR!
java.lang.IllegalStateException: Failed to load ApplicationContext
Caused by: org.springframework.beans.factory.UnsatisfiedDependencyException: Error creating bean with name 'categoriaController': Unsatisfied dependency expressed through field 'serviceCategoria'; nested exception is org.springframework.beans.factory.UnsatisfiedDependencyException: Error creating bean with name 'categoriaService': Unsatisfied dependency expressed through field 'repoCategoria'; nested exception is org.springframework.beans.factory.BeanCreationException: Error creating bean with name 'categoriaRepository' defined in back1dia9.repository.CategoriaRepository defined in @EnableJpaRepositories declared on JpaRepositoriesRegistrar.EnableJpaRepositoriesConfiguration: Invocation of init method failed; nested exception is org.springframework.data.repository.query.QueryCreationException: Could not create query for public abstract back1dia9.entity.Categoria back1dia9.repository.CategoriaRepository.modificar(int,back1dia9.entity.Categoria); Reason: Failed to create query for method public abstract back1dia9.entity.Categoria back1dia9.repository.CategoriaRepository.modificar(int,back1dia9.entity.Categoria)! No property 'modificar' found for type 'Categoria'; nested exception is java.lang.IllegalArgumentException: Failed to create query for method public abstract back1dia9.entity.Categoria back1dia9.repository.CategoriaRepository.modificar(int,back1dia9.entity.Categoria)! No property 'modificar' found for type 'Categoria'
Caused by: org.springframework.beans.factory.UnsatisfiedDependencyException: Error creating bean with name 'categoriaService': Unsatisfied dependency expressed through field 'repoCategoria'; nested exception is org.springframework.beans.factory.BeanCreationException: Error creating bean with name 'categoriaRepository' defined in back1dia9.repository.CategoriaRepository defined in @EnableJpaRepositories declared on JpaRepositoriesRegistrar.EnableJpaRepositoriesConfiguration: Invocation of init method failed; nested exception is org.springframework.data.repository.query.QueryCreationException: Could not create query for public abstract back1dia9.entity.Categoria back1dia9.repository.CategoriaRepository.modificar(int,back1dia9.entity.Categoria); Reason: Failed to create query for method public abstract back1dia9.entity.Categoria back1dia9.repository.CategoriaRepository.modificar(int,back1dia9.entity.Categoria)! No property 'modificar' found for type 'Categoria'; nested exception is java.lang.IllegalArgumentException: Failed to create query for method public abstract back1dia9.entity.Categoria back1dia9.repository.CategoriaRepository.modificar(int,back1dia9.entity.Categoria)! No property 'modificar' found for type 'Categoria'
Caused by: org.springframework.beans.factory.BeanCreationException: Error creating bean with name 'categoriaRepository' defined in back1dia9.repository.CategoriaRepository defined in @EnableJpaRepositories declared on JpaRepositoriesRegistrar.EnableJpaRepositoriesConfiguration: Invocation of init method failed; nested exception is org.springframework.data.repository.query.QueryCreationException: Could not create query for public abstract back1dia9.entity.Categoria back1dia9.repository.CategoriaRepository.modificar(int,back1dia9.entity.Categoria); Reason: Failed to create query for method public abstract back1dia9.entity.Categoria back1dia9.repository.CategoriaRepository.modificar(int,back1dia9.entity.Categoria)! No property 'modificar' found for type 'Categoria'; nested exception is java.lang.IllegalArgumentException: Failed to create query for method public abstract back1dia9.entity.Categoria back1dia9.repository.CategoriaRepository.modificar(int,back1dia9.entity.Categoria)! No property 'modificar' found for type 'Categoria'
Caused by: org.springframework.data.repository.query.QueryCreationException: Could not create query for public abstract back1dia9.entity.Categoria back1dia9.repository.CategoriaRepository.modificar(int,back1dia9.entity.Categoria); Reason: Failed to create query for method public abstract back1dia9.entity.Categoria back1dia9.repository.CategoriaRepository.modificar(int,back1dia9.entity.Categoria)! No property 'modificar' found for type 'Categoria'; nested exception is java.lang.IllegalArgumentException: Failed to create query for method public abstract back1dia9.entity.Categoria back1dia9.repository.CategoriaRepository.modificar(int,back1dia9.entity.Categoria)! No property 'modificar' found for type 'Categoria'
Caused by: java.lang.IllegalArgumentException: Failed to create query for method public abstract back1dia9.entity.Categoria back1dia9.repository.CategoriaRepository.modificar(int,back1dia9.entity.Categoria)! No property 'modificar' found for type 'Categoria'
Caused by: org.springframework.data.mapping.PropertyReferenceException: No property 'modificar' found for type 'Categoria'

